2018-04-01 19:29:56,471 CRIT Supervisor is running as root.  Privileges were not dropped because no user is specified in the config file.  If you intend to run as root, you can set user=root in the config file to avoid this message.
2018-04-01 19:29:56,520 INFO supervisord started with pid 1
2018-04-01 19:29:57,523 INFO spawned: 'nginx' with pid 7
2018-04-01 19:29:57,526 INFO spawned: 'sshd' with pid 8
2018-04-01 19:29:57,528 INFO spawned: 'php-fpm' with pid 9
2018-04-01 19:29:57,530 INFO spawned: 'redis' with pid 11
2018-04-01 19:29:57,532 INFO spawned: 'crond' with pid 12
2018-04-01 19:29:58,527 INFO success: nginx entered RUNNING state, process has stayed up for > than 1 seconds (startsecs)
2018-04-01 19:29:58,528 INFO success: sshd entered RUNNING state, process has stayed up for > than 1 seconds (startsecs)
2018-04-01 19:29:58,528 INFO success: php-fpm entered RUNNING state, process has stayed up for > than 1 seconds (startsecs)
2018-04-01 19:29:58,529 INFO success: redis entered RUNNING state, process has stayed up for > than 1 seconds (startsecs)
2018-04-01 19:29:58,565 INFO exited: sshd (exit status 1; not expected)
2018-04-01 19:29:58,632 INFO spawned: 'sshd' with pid 20
2018-04-01 19:29:58,633 INFO exited: php-fpm (exit status 0; expected)
2018-04-01 19:29:58,642 INFO exited: sshd (exit status 1; not expected)
2018-04-01 19:29:59,649 INFO spawned: 'sshd' with pid 21
2018-04-01 19:29:59,658 INFO exited: sshd (exit status 1; not expected)
2018-04-01 19:30:00,664 INFO success: crond entered RUNNING state, process has stayed up for > than 3 seconds (startsecs)
2018-04-01 19:30:01,668 INFO spawned: 'sshd' with pid 22
2018-04-01 19:30:01,677 INFO exited: sshd (exit status 1; not expected)
2018-04-01 19:30:04,687 INFO spawned: 'sshd' with pid 23
2018-04-01 19:30:04,697 INFO exited: sshd (exit status 1; not expected)
2018-04-01 19:30:05,700 INFO gave up: sshd entered FATAL state, too many start retries too quickly
2018-04-02 09:06:40,100 CRIT Supervisor is running as root.  Privileges were not dropped because no user is specified in the config file.  If you intend to run as root, you can set user=root in the config file to avoid this message.
2018-04-02 09:06:40,198 INFO supervisord started with pid 1
2018-04-02 09:06:41,204 INFO spawned: 'nginx' with pid 8
2018-04-02 09:06:41,207 INFO spawned: 'sshd' with pid 9
2018-04-02 09:06:41,220 INFO spawned: 'php-fpm' with pid 10
2018-04-02 09:06:41,226 INFO spawned: 'redis' with pid 12
2018-04-02 09:06:41,228 INFO spawned: 'crond' with pid 13
2018-04-02 09:06:42,453 INFO success: nginx entered RUNNING state, process has stayed up for > than 1 seconds (startsecs)
2018-04-02 09:06:42,454 INFO success: sshd entered RUNNING state, process has stayed up for > than 1 seconds (startsecs)
2018-04-02 09:06:42,454 INFO success: php-fpm entered RUNNING state, process has stayed up for > than 1 seconds (startsecs)
2018-04-02 09:06:42,454 INFO success: redis entered RUNNING state, process has stayed up for > than 1 seconds (startsecs)
2018-04-02 09:06:42,576 INFO exited: sshd (exit status 1; not expected)
2018-04-02 09:06:42,748 INFO spawned: 'sshd' with pid 18
2018-04-02 09:06:42,757 INFO exited: sshd (exit status 1; not expected)
2018-04-02 09:06:43,031 INFO exited: php-fpm (exit status 0; expected)
2018-04-02 09:06:44,035 INFO spawned: 'sshd' with pid 22
2018-04-02 09:06:44,044 INFO exited: sshd (exit status 1; not expected)
2018-04-02 09:06:45,048 INFO success: crond entered RUNNING state, process has stayed up for > than 3 seconds (startsecs)
2018-04-02 09:06:46,052 INFO spawned: 'sshd' with pid 23
2018-04-02 09:06:46,061 INFO exited: sshd (exit status 1; not expected)
2018-04-02 09:06:49,069 INFO spawned: 'sshd' with pid 24
2018-04-02 09:06:49,081 INFO exited: sshd (exit status 1; not expected)
2018-04-02 09:06:50,085 INFO gave up: sshd entered FATAL state, too many start retries too quickly
